Determining if the pthread_create exist failed with the following output:
Change Dir: /home/tecsar/cpp_trace/build/CMakeFiles/CMakeTmp

Run Build Command:"/usr/bin/make" "cmTC_30e8f/fast"
/usr/bin/make -f CMakeFiles/cmTC_30e8f.dir/build.make CMakeFiles/cmTC_30e8f.dir/build
make[1]: Entering directory '/home/tecsar/cpp_trace/build/CMakeFiles/CMakeTmp'
Building C object CMakeFiles/cmTC_30e8f.dir/CheckSymbolExists.c.o
/usr/bin/cc    -o CMakeFiles/cmTC_30e8f.dir/CheckSymbolExists.c.o   -c /home/tecsar/cpp_trace/build/CMakeFiles/CMakeTmp/CheckSymbolExists.c
Linking C executable cmTC_30e8f
/usr/bin/cmake -E cmake_link_script CMakeFiles/cmTC_30e8f.dir/link.txt --verbose=1
/usr/bin/cc      -rdynamic CMakeFiles/cmTC_30e8f.dir/CheckSymbolExists.c.o  -o cmTC_30e8f 
CMakeFiles/cmTC_30e8f.dir/CheckSymbolExists.c.o: In function `main':
CheckSymbolExists.c:(.text+0x14): undefined reference to `pthread_create'
CheckSymbolExists.c:(.text+0x18): undefined reference to `pthread_create'
collect2: error: ld returned 1 exit status
CMakeFiles/cmTC_30e8f.dir/build.make:97: recipe for target 'cmTC_30e8f' failed
make[1]: *** [cmTC_30e8f] Error 1
make[1]: Leaving directory '/home/tecsar/cpp_trace/build/CMakeFiles/CMakeTmp'
Makefile:126: recipe for target 'cmTC_30e8f/fast' failed
make: *** [cmTC_30e8f/fast] Error 2

File /home/tecsar/cpp_trace/build/CMakeFiles/CMakeTmp/CheckSymbolExists.c:
/* */
#include <pthread.h>

int main(int argc, char** argv)
{
  (void)argv;
#ifndef pthread_create
  return ((int*)(&pthread_create))[argc];
#else
  (void)argc;
  return 0;
#endif
}

Determining if the function pthread_create exists in the pthreads failed with the following output:
Change Dir: /home/tecsar/cpp_trace/build/CMakeFiles/CMakeTmp

Run Build Command:"/usr/bin/make" "cmTC_6156a/fast"
/usr/bin/make -f CMakeFiles/cmTC_6156a.dir/build.make CMakeFiles/cmTC_6156a.dir/build
make[1]: Entering directory '/home/tecsar/cpp_trace/build/CMakeFiles/CMakeTmp'
Building C object CMakeFiles/cmTC_6156a.dir/CheckFunctionExists.c.o
/usr/bin/cc   -DCHECK_FUNCTION_EXISTS=pthread_create   -o CMakeFiles/cmTC_6156a.dir/CheckFunctionExists.c.o   -c /usr/share/cmake-3.10/Modules/CheckFunctionExists.c
Linking C executable cmTC_6156a
/usr/bin/cmake -E cmake_link_script CMakeFiles/cmTC_6156a.dir/link.txt --verbose=1
/usr/bin/cc  -DCHECK_FUNCTION_EXISTS=pthread_create    -rdynamic CMakeFiles/cmTC_6156a.dir/CheckFunctionExists.c.o  -o cmTC_6156a -lpthreads 
/usr/bin/ld: cannot find -lpthreads
collect2: error: ld returned 1 exit status
CMakeFiles/cmTC_6156a.dir/build.make:97: recipe for target 'cmTC_6156a' failed
make[1]: *** [cmTC_6156a] Error 1
make[1]: Leaving directory '/home/tecsar/cpp_trace/build/CMakeFiles/CMakeTmp'
Makefile:126: recipe for target 'cmTC_6156a/fast' failed
make: *** [cmTC_6156a/fast] Error 2


